<?xml version="1.0" encoding="UTF-8"?>
<!-- Generated by org.testng.reporters.JUnitReportReporter -->
<testsuite hostname="Sunny_lappy" failures="0" tests="3" name="RestAssuredPractice.LibraryAPI" time="6.301" errors="0" timestamp="2024-02-24T17:55:14 EST" skipped="0">
  <testcase classname="RestAssuredPractice.LibraryAPI" name="addBook" time="1.209"/>
  <testcase classname="RestAssuredPractice.LibraryAPI" name="addBook" time="1.204"/>
  <testcase classname="RestAssuredPractice.LibraryAPI" name="addBook" time="3.888"/>
</testsuite> <!-- RestAssuredPractice.LibraryAPI -->
